2026-03-08 16:58:18.991 │ INFO    │ mocap_studio                   │ ============================================================
2026-03-08 16:58:18.993 │ INFO    │ mocap_studio                   │ MoCap Align & Compare v0.1.0 starting
2026-03-08 16:58:18.993 │ INFO    │ mocap_studio                   │ Log file: C:\Users\bxdpo\Desktop\VOC_MoCap_System\mocap_studio\logs\mocap_studio_20260308_165818.log
2026-03-08 16:58:18.993 │ INFO    │ mocap_studio                   │ Python: 3.10.19 | packaged by Anaconda, Inc. | (main, Oct 21 2025, 16:41:31) [MSC v.1929 64 bit (AMD64)]
2026-03-08 16:58:19.001 │ INFO    │ mocap_studio                   │ Platform: win32
2026-03-08 16:58:19.002 │ INFO    │ mocap_studio                   │ ============================================================
2026-03-08 16:58:19.028 │ INFO    │ mocap_studio.main              │ Single-instance lock acquired.
2026-03-08 16:58:19.028 │ INFO    │ mocap_studio                   │ Creating main window...
2026-03-08 16:58:19.422 │ INFO    │ mocap_studio                   │ Main window shown — entering event loop.
2026-03-08 17:03:55.099 │ INFO    │ mocap_studio.gui.main_window   │ User requested load for slot 0
2026-03-08 17:03:59.979 │ INFO    │ mocap_studio.gui.main_window   │ Loading file: C:/Users/bxdpo/Downloads/Cap_CE_60.fbx (ext=.fbx)
2026-03-08 17:03:59.981 │ INFO    │ mocap_studio.core.fbx_extract  │ Loading FBX: C:/Users/bxdpo/Downloads/Cap_CE_60.fbx
2026-03-08 17:03:59.986 │ DEBUG   │ mocap_studio.core.fbx_extract  │ FBX SDK imported successfully.
2026-03-08 17:04:00.094 │ DEBUG   │ mocap_studio.core.fbx_extract  │ FBX scene imported successfully.
2026-03-08 17:04:00.095 │ DEBUG   │ mocap_studio.core.fbx_extract  │ Axis system converted to MayaYUp.
2026-03-08 17:04:00.096 │ INFO    │ mocap_studio.core.fbx_extract  │ Discovered 152 joints: ['root', 'pelvis', 'spine_01', 'spine_02', 'spine_03', 'spine_04', 'spine_05', 'neck_01', 'neck_02', 'head']...
2026-03-08 17:04:00.097 │ DEBUG   │ mocap_studio.core.fbx_extract  │ Animation stack found: Take 002
2026-03-08 17:04:00.097 │ DEBUG   │ mocap_studio.core.fbx_extract  │ Time span: 0.000s → 62.267s
2026-03-08 17:04:00.098 │ INFO    │ mocap_studio.core.fbx_extract  │ Frame count: 3737 @ 60.0 fps (62.28s)
2026-03-08 17:04:00.099 │ INFO    │ mocap_studio.core.fbx_extract  │ Extracting transforms for 3737 frames × 152 joints...
2026-03-08 17:04:00.639 │ DEBUG   │ mocap_studio.core.fbx_extract  │   Frame 500/3737 (13%) — 0.5s elapsed
2026-03-08 17:04:01.165 │ DEBUG   │ mocap_studio.core.fbx_extract  │   Frame 1000/3737 (27%) — 1.1s elapsed
2026-03-08 17:04:01.690 │ DEBUG   │ mocap_studio.core.fbx_extract  │   Frame 1500/3737 (40%) — 1.6s elapsed
2026-03-08 17:04:02.211 │ DEBUG   │ mocap_studio.core.fbx_extract  │   Frame 2000/3737 (54%) — 2.1s elapsed
2026-03-08 17:04:02.736 │ DEBUG   │ mocap_studio.core.fbx_extract  │   Frame 2500/3737 (67%) — 2.6s elapsed
2026-03-08 17:04:03.257 │ DEBUG   │ mocap_studio.core.fbx_extract  │   Frame 3000/3737 (80%) — 3.2s elapsed
2026-03-08 17:04:03.760 │ DEBUG   │ mocap_studio.core.fbx_extract  │   Frame 3500/3737 (94%) — 3.7s elapsed
2026-03-08 17:04:03.998 │ DEBUG   │ mocap_studio.core.fbx_extract  │   Frame 3737/3737 (100%) — 3.9s elapsed
2026-03-08 17:04:03.998 │ INFO    │ mocap_studio.core.fbx_extract  │ Transform extraction complete in 3.90s
2026-03-08 17:04:04.013 │ DEBUG   │ mocap_studio.core.fbx_extract  │ Position range: min=[-177.8316667    -8.7546252  -253.71797531], max=[133.16401634 213.38819585 197.77372294]
2026-03-08 17:04:04.013 │ INFO    │ mocap_studio.core.fbx_extract  │ FBX load complete: "Cap_CE_60" — 3737 frames, 152 joints, align_joint="pelvis", total time 4.03s
2026-03-08 17:04:04.030 │ INFO    │ mocap_studio.core.session      │ Track loaded into slot 0: "Cap_CE_60" (3737 frames, 152 joints)
2026-03-08 17:04:56.756 │ INFO    │ mocap_studio.gui.main_window   │ Track 0 Cut: Set Trim In to 0
2026-03-08 17:04:58.489 │ INFO    │ mocap_studio.gui.main_window   │ Track 0 Cut: Set Trim In to 0
2026-03-08 17:05:08.787 │ INFO    │ mocap_studio.gui.main_window   │ Track 0 Cut: Set Trim In to 670
2026-03-08 17:06:07.966 │ INFO    │ mocap_studio.gui.main_window   │ Export requested for Track 0 (Cap_CE_60)
2026-03-08 17:06:12.830 │ INFO    │ mocap_studio                   │ Application exiting with code 0.
