2026-03-08 16:12:30.456 │ INFO    │ mocap_studio                   │ ============================================================
2026-03-08 16:12:30.456 │ INFO    │ mocap_studio                   │ MoCap Align & Compare v0.1.0 starting
2026-03-08 16:12:30.456 │ INFO    │ mocap_studio                   │ Log file: C:\Users\bxdpo\Desktop\VOC_MoCap_System\mocap_studio\logs\mocap_studio_20260308_161230.log
2026-03-08 16:12:30.456 │ INFO    │ mocap_studio                   │ Python: 3.10.19 | packaged by Anaconda, Inc. | (main, Oct 21 2025, 16:41:31) [MSC v.1929 64 bit (AMD64)]
2026-03-08 16:12:30.456 │ INFO    │ mocap_studio                   │ Platform: win32
2026-03-08 16:12:30.456 │ INFO    │ mocap_studio                   │ ============================================================
2026-03-08 16:12:30.479 │ INFO    │ mocap_studio.main              │ Single-instance lock acquired.
2026-03-08 16:12:30.479 │ INFO    │ mocap_studio                   │ Creating main window...
2026-03-08 16:12:30.873 │ INFO    │ mocap_studio                   │ Main window shown — entering event loop.
2026-03-08 16:22:42.385 │ INFO    │ mocap_studio.gui.main_window   │ User requested load for slot 0
2026-03-08 16:22:50.315 │ INFO    │ mocap_studio.gui.main_window   │ Loading file: C:/Users/bxdpo/Downloads/CatsEye_Captury_Compare_Test.fbx (ext=.fbx)
2026-03-08 16:22:50.315 │ INFO    │ mocap_studio.core.fbx_extract  │ Loading FBX: C:/Users/bxdpo/Downloads/CatsEye_Captury_Compare_Test.fbx
2026-03-08 16:22:50.324 │ DEBUG   │ mocap_studio.core.fbx_extract  │ FBX SDK imported successfully.
2026-03-08 16:22:50.576 │ DEBUG   │ mocap_studio.core.fbx_extract  │ FBX scene imported successfully.
2026-03-08 16:22:50.576 │ DEBUG   │ mocap_studio.core.fbx_extract  │ Axis system converted to MayaYUp.
2026-03-08 16:22:50.578 │ INFO    │ mocap_studio.core.fbx_extract  │ Discovered 152 joints: ['root', 'pelvis', 'spine_01', 'spine_02', 'spine_03', 'spine_04', 'spine_05', 'neck_01', 'neck_02', 'head']...
2026-03-08 16:22:50.578 │ DEBUG   │ mocap_studio.core.fbx_extract  │ Animation stack found: Unreal Take
2026-03-08 16:22:50.578 │ DEBUG   │ mocap_studio.core.fbx_extract  │ Time span: 0.000s → 62.267s
2026-03-08 16:22:50.578 │ INFO    │ mocap_studio.core.fbx_extract  │ Frame count: 3737 @ 60.0 fps (62.28s)
2026-03-08 16:22:50.578 │ INFO    │ mocap_studio.core.fbx_extract  │ Extracting transforms for 3737 frames × 152 joints...
2026-03-08 16:22:51.097 │ DEBUG   │ mocap_studio.core.fbx_extract  │   Frame 500/3737 (13%) — 0.5s elapsed
2026-03-08 16:22:51.606 │ DEBUG   │ mocap_studio.core.fbx_extract  │   Frame 1000/3737 (27%) — 1.0s elapsed
2026-03-08 16:22:52.107 │ DEBUG   │ mocap_studio.core.fbx_extract  │   Frame 1500/3737 (40%) — 1.5s elapsed
2026-03-08 16:22:52.628 │ DEBUG   │ mocap_studio.core.fbx_extract  │   Frame 2000/3737 (54%) — 2.0s elapsed
2026-03-08 16:22:53.141 │ DEBUG   │ mocap_studio.core.fbx_extract  │   Frame 2500/3737 (67%) — 2.6s elapsed
2026-03-08 16:22:53.649 │ DEBUG   │ mocap_studio.core.fbx_extract  │   Frame 3000/3737 (80%) — 3.1s elapsed
2026-03-08 16:22:54.143 │ DEBUG   │ mocap_studio.core.fbx_extract  │   Frame 3500/3737 (94%) — 3.6s elapsed
2026-03-08 16:22:54.371 │ DEBUG   │ mocap_studio.core.fbx_extract  │   Frame 3737/3737 (100%) — 3.8s elapsed
2026-03-08 16:22:54.373 │ INFO    │ mocap_studio.core.fbx_extract  │ Transform extraction complete in 3.79s
2026-03-08 16:22:54.388 │ DEBUG   │ mocap_studio.core.fbx_extract  │ Position range: min=[-177.8316667    -8.7546252  -253.71797531], max=[133.16401634 213.38819585 197.77372294]
2026-03-08 16:22:54.388 │ INFO    │ mocap_studio.core.fbx_extract  │ FBX load complete: "CatsEye_Captury_Compare_Test" — 3737 frames, 152 joints, align_joint="pelvis", total time 4.07s
2026-03-08 16:22:54.446 │ INFO    │ mocap_studio.core.session      │ Track loaded into slot 0: "CatsEye_Captury_Compare_Test" (3737 frames, 152 joints)
2026-03-08 16:23:01.127 │ DEBUG   │ mocap_studio.gui.main_window   │ Track 0 settings: offset=0, trim=0-3736, align=pelvis, visible=True, pos=(1.0, 0.0, 0.0)
2026-03-08 16:23:01.631 │ DEBUG   │ mocap_studio.gui.main_window   │ Track 0 settings: offset=0, trim=0-3736, align=pelvis, visible=True, pos=(2.0, 0.0, 0.0)
2026-03-08 16:23:01.777 │ DEBUG   │ mocap_studio.gui.main_window   │ Track 0 settings: offset=0, trim=0-3736, align=pelvis, visible=True, pos=(3.0, 0.0, 0.0)
2026-03-08 16:23:01.938 │ DEBUG   │ mocap_studio.gui.main_window   │ Track 0 settings: offset=0, trim=0-3736, align=pelvis, visible=True, pos=(4.0, 0.0, 0.0)
2026-03-08 16:23:02.089 │ DEBUG   │ mocap_studio.gui.main_window   │ Track 0 settings: offset=0, trim=0-3736, align=pelvis, visible=True, pos=(5.0, 0.0, 0.0)
2026-03-08 16:23:02.257 │ DEBUG   │ mocap_studio.gui.main_window   │ Track 0 settings: offset=0, trim=0-3736, align=pelvis, visible=True, pos=(6.0, 0.0, 0.0)
2026-03-08 16:23:07.090 │ DEBUG   │ mocap_studio.gui.main_window   │ Track 0 settings: offset=0, trim=0-3736, align=pelvis, visible=True, pos=(3.0, 0.0, 0.0)
2026-03-08 16:23:07.193 │ DEBUG   │ mocap_studio.gui.main_window   │ Track 0 settings: offset=0, trim=0-3736, align=pelvis, visible=True, pos=(30.0, 0.0, 0.0)
2026-03-08 16:23:14.499 │ DEBUG   │ mocap_studio.gui.main_window   │ Track 0 settings: offset=0, trim=0-3736, align=pelvis, visible=True, pos=(30.0, 6.0, 0.0)
2026-03-08 16:23:14.601 │ DEBUG   │ mocap_studio.gui.main_window   │ Track 0 settings: offset=0, trim=0-3736, align=pelvis, visible=True, pos=(30.0, 60.0, 0.0)
2026-03-08 16:24:36.994 │ DEBUG   │ mocap_studio.gui.main_window   │ Track 0 settings: offset=6, trim=0-3736, align=pelvis, visible=True, pos=(30.0, 60.0, 0.0)
2026-03-08 16:24:39.067 │ DEBUG   │ mocap_studio.gui.main_window   │ Track 0 settings: offset=7, trim=0-3736, align=pelvis, visible=True, pos=(30.0, 60.0, 0.0)
2026-03-08 16:24:40.821 │ DEBUG   │ mocap_studio.gui.main_window   │ Track 0 settings: offset=9, trim=0-3736, align=pelvis, visible=True, pos=(30.0, 60.0, 0.0)
2026-03-08 16:24:49.320 │ DEBUG   │ mocap_studio.gui.main_window   │ Track 0 settings: offset=9, trim=0-3736, align=root, visible=True, pos=(30.0, 60.0, 0.0)
2026-03-08 16:24:53.347 │ DEBUG   │ mocap_studio.gui.main_window   │ Track 0 settings: offset=9, trim=0-3736, align=pelvis, visible=True, pos=(30.0, 60.0, 0.0)
2026-03-08 16:26:12.511 │ INFO    │ mocap_studio                   │ Application exiting with code 0.
