2026-03-08 16:33:13.912 │ INFO    │ mocap_studio                   │ ============================================================
2026-03-08 16:33:13.912 │ INFO    │ mocap_studio                   │ MoCap Align & Compare v0.1.0 starting
2026-03-08 16:33:13.912 │ INFO    │ mocap_studio                   │ Log file: C:\Users\bxdpo\Desktop\VOC_MoCap_System\mocap_studio\logs\mocap_studio_20260308_163313.log
2026-03-08 16:33:13.912 │ INFO    │ mocap_studio                   │ Python: 3.10.19 | packaged by Anaconda, Inc. | (main, Oct 21 2025, 16:41:31) [MSC v.1929 64 bit (AMD64)]
2026-03-08 16:33:13.912 │ INFO    │ mocap_studio                   │ Platform: win32
2026-03-08 16:33:13.912 │ INFO    │ mocap_studio                   │ ============================================================
2026-03-08 16:33:13.947 │ INFO    │ mocap_studio.main              │ Single-instance lock acquired.
2026-03-08 16:33:13.947 │ INFO    │ mocap_studio                   │ Creating main window...
2026-03-08 16:33:14.337 │ INFO    │ mocap_studio                   │ Main window shown — entering event loop.
2026-03-08 16:33:26.108 │ INFO    │ mocap_studio.gui.main_window   │ User requested load for slot 0
2026-03-08 16:33:29.397 │ INFO    │ mocap_studio.gui.main_window   │ Loading file: C:/Users/bxdpo/Downloads/CatsEye_Captury_Compare_Test.fbx (ext=.fbx)
2026-03-08 16:33:29.398 │ INFO    │ mocap_studio.core.fbx_extract  │ Loading FBX: C:/Users/bxdpo/Downloads/CatsEye_Captury_Compare_Test.fbx
2026-03-08 16:33:29.402 │ DEBUG   │ mocap_studio.core.fbx_extract  │ FBX SDK imported successfully.
2026-03-08 16:33:29.653 │ DEBUG   │ mocap_studio.core.fbx_extract  │ FBX scene imported successfully.
2026-03-08 16:33:29.653 │ DEBUG   │ mocap_studio.core.fbx_extract  │ Axis system converted to MayaYUp.
2026-03-08 16:33:29.655 │ INFO    │ mocap_studio.core.fbx_extract  │ Discovered 152 joints: ['root', 'pelvis', 'spine_01', 'spine_02', 'spine_03', 'spine_04', 'spine_05', 'neck_01', 'neck_02', 'head']...
2026-03-08 16:33:29.655 │ DEBUG   │ mocap_studio.core.fbx_extract  │ Animation stack found: Unreal Take
2026-03-08 16:33:29.655 │ DEBUG   │ mocap_studio.core.fbx_extract  │ Time span: 0.000s → 62.267s
2026-03-08 16:33:29.656 │ INFO    │ mocap_studio.core.fbx_extract  │ Frame count: 3737 @ 60.0 fps (62.28s)
2026-03-08 16:33:29.656 │ INFO    │ mocap_studio.core.fbx_extract  │ Extracting transforms for 3737 frames × 152 joints...
2026-03-08 16:33:30.165 │ DEBUG   │ mocap_studio.core.fbx_extract  │   Frame 500/3737 (13%) — 0.5s elapsed
2026-03-08 16:33:30.656 │ DEBUG   │ mocap_studio.core.fbx_extract  │   Frame 1000/3737 (27%) — 1.0s elapsed
2026-03-08 16:33:31.149 │ DEBUG   │ mocap_studio.core.fbx_extract  │   Frame 1500/3737 (40%) — 1.5s elapsed
2026-03-08 16:33:31.649 │ DEBUG   │ mocap_studio.core.fbx_extract  │   Frame 2000/3737 (54%) — 2.0s elapsed
2026-03-08 16:33:32.139 │ DEBUG   │ mocap_studio.core.fbx_extract  │   Frame 2500/3737 (67%) — 2.5s elapsed
2026-03-08 16:33:32.636 │ DEBUG   │ mocap_studio.core.fbx_extract  │   Frame 3000/3737 (80%) — 3.0s elapsed
2026-03-08 16:33:33.111 │ DEBUG   │ mocap_studio.core.fbx_extract  │   Frame 3500/3737 (94%) — 3.5s elapsed
2026-03-08 16:33:33.341 │ DEBUG   │ mocap_studio.core.fbx_extract  │   Frame 3737/3737 (100%) — 3.7s elapsed
2026-03-08 16:33:33.341 │ INFO    │ mocap_studio.core.fbx_extract  │ Transform extraction complete in 3.68s
2026-03-08 16:33:33.356 │ DEBUG   │ mocap_studio.core.fbx_extract  │ Position range: min=[-177.8316667    -8.7546252  -253.71797531], max=[133.16401634 213.38819585 197.77372294]
2026-03-08 16:33:33.356 │ INFO    │ mocap_studio.core.fbx_extract  │ FBX load complete: "CatsEye_Captury_Compare_Test" — 3737 frames, 152 joints, align_joint="pelvis", total time 3.96s
2026-03-08 16:33:33.414 │ INFO    │ mocap_studio.core.session      │ Track loaded into slot 0: "CatsEye_Captury_Compare_Test" (3737 frames, 152 joints)
2026-03-08 16:34:02.862 │ INFO    │ mocap_studio.gui.main_window   │ User requested load for slot 0
2026-03-08 16:34:05.200 │ INFO    │ mocap_studio.gui.main_window   │ Loading file: C:/Users/bxdpo/Downloads/CatsEye_Captury_Test.fbx (ext=.fbx)
2026-03-08 16:34:05.200 │ INFO    │ mocap_studio.core.fbx_extract  │ Loading FBX: C:/Users/bxdpo/Downloads/CatsEye_Captury_Test.fbx
2026-03-08 16:34:05.200 │ DEBUG   │ mocap_studio.core.fbx_extract  │ FBX SDK imported successfully.
2026-03-08 16:34:05.326 │ DEBUG   │ mocap_studio.core.fbx_extract  │ FBX scene imported successfully.
2026-03-08 16:34:05.331 │ DEBUG   │ mocap_studio.core.fbx_extract  │ Axis system converted to MayaYUp.
2026-03-08 16:34:05.332 │ INFO    │ mocap_studio.core.fbx_extract  │ Discovered 89 joints: ['root', 'pelvis', 'spine_01', 'spine_02', 'spine_03', 'spine_04', 'spine_05', 'neck_01', 'neck_02', 'head']...
2026-03-08 16:34:05.332 │ DEBUG   │ mocap_studio.core.fbx_extract  │ Animation stack found: Unreal Take
2026-03-08 16:34:05.332 │ DEBUG   │ mocap_studio.core.fbx_extract  │ Time span: 0.000s → 62.267s
2026-03-08 16:34:05.332 │ INFO    │ mocap_studio.core.fbx_extract  │ Frame count: 3737 @ 60.0 fps (62.28s)
2026-03-08 16:34:05.332 │ INFO    │ mocap_studio.core.fbx_extract  │ Extracting transforms for 3737 frames × 89 joints...
2026-03-08 16:34:05.666 │ DEBUG   │ mocap_studio.core.fbx_extract  │   Frame 500/3737 (13%) — 0.3s elapsed
2026-03-08 16:34:06.001 │ DEBUG   │ mocap_studio.core.fbx_extract  │   Frame 1000/3737 (27%) — 0.7s elapsed
2026-03-08 16:34:06.335 │ DEBUG   │ mocap_studio.core.fbx_extract  │   Frame 1500/3737 (40%) — 1.0s elapsed
2026-03-08 16:34:06.667 │ DEBUG   │ mocap_studio.core.fbx_extract  │   Frame 2000/3737 (54%) — 1.3s elapsed
2026-03-08 16:34:06.999 │ DEBUG   │ mocap_studio.core.fbx_extract  │   Frame 2500/3737 (67%) — 1.7s elapsed
2026-03-08 16:34:07.334 │ DEBUG   │ mocap_studio.core.fbx_extract  │   Frame 3000/3737 (80%) — 2.0s elapsed
2026-03-08 16:34:07.661 │ DEBUG   │ mocap_studio.core.fbx_extract  │   Frame 3500/3737 (94%) — 2.3s elapsed
2026-03-08 16:34:07.824 │ DEBUG   │ mocap_studio.core.fbx_extract  │   Frame 3737/3737 (100%) — 2.5s elapsed
2026-03-08 16:34:07.824 │ INFO    │ mocap_studio.core.fbx_extract  │ Transform extraction complete in 2.49s
2026-03-08 16:34:07.828 │ DEBUG   │ mocap_studio.core.fbx_extract  │ Position range: min=[-156.19447701   -8.75309859 -253.71797531], max=[133.16410752 213.38815567 310.08474785]
2026-03-08 16:34:07.828 │ INFO    │ mocap_studio.core.fbx_extract  │ FBX load complete: "CatsEye_Captury_Test" — 3737 frames, 89 joints, align_joint="pelvis", total time 2.63s
2026-03-08 16:34:07.850 │ INFO    │ mocap_studio.core.session      │ Track loaded into slot 0: "CatsEye_Captury_Test" (3737 frames, 89 joints)
2026-03-08 16:45:42.318 │ INFO    │ mocap_studio                   │ Application exiting with code 0.
