2026-03-08 15:03:40.447 │ INFO    │ mocap_studio                   │ ============================================================
2026-03-08 15:03:40.447 │ INFO    │ mocap_studio                   │ MoCap Align & Compare v0.1.0 starting
2026-03-08 15:03:40.447 │ INFO    │ mocap_studio                   │ Log file: C:\Users\bxdpo\Desktop\VOC_MoCap_System\mocap_studio\logs\mocap_studio_20260308_150340.log
2026-03-08 15:03:40.447 │ INFO    │ mocap_studio                   │ Python: 3.10.19 | packaged by Anaconda, Inc. | (main, Oct 21 2025, 16:41:31) [MSC v.1929 64 bit (AMD64)]
2026-03-08 15:03:40.454 │ INFO    │ mocap_studio                   │ Platform: win32
2026-03-08 15:03:40.454 │ INFO    │ mocap_studio                   │ ============================================================
2026-03-08 15:03:40.486 │ INFO    │ mocap_studio.main              │ Single-instance lock acquired.
2026-03-08 15:03:40.486 │ INFO    │ mocap_studio                   │ Creating main window...
2026-03-08 15:03:40.876 │ INFO    │ mocap_studio                   │ Main window shown — entering event loop.
2026-03-08 15:04:32.371 │ INFO    │ mocap_studio.gui.main_window   │ User requested load for slot 0
2026-03-08 15:04:39.280 │ INFO    │ mocap_studio.gui.main_window   │ Loading file: C:/Users/bxdpo/Downloads/Xsens_MoCapTest_001-001.fbx (ext=.fbx)
2026-03-08 15:04:39.282 │ INFO    │ mocap_studio.core.fbx_extract  │ Loading FBX: C:/Users/bxdpo/Downloads/Xsens_MoCapTest_001-001.fbx
2026-03-08 15:04:39.286 │ DEBUG   │ mocap_studio.core.fbx_extract  │ FBX SDK imported successfully.
2026-03-08 15:04:39.327 │ DEBUG   │ mocap_studio.core.fbx_extract  │ FBX scene imported successfully.
2026-03-08 15:04:39.327 │ DEBUG   │ mocap_studio.core.fbx_extract  │ Axis system converted to MayaYUp.
2026-03-08 15:04:39.328 │ INFO    │ mocap_studio.core.fbx_extract  │ Discovered 24 joints: ['Reference', 'Hips', 'RightUpLeg', 'RightLeg', 'RightFoot', 'RightToeBase', 'LeftUpLeg', 'LeftLeg', 'LeftFoot', 'LeftToeBase']...
2026-03-08 15:04:39.328 │ DEBUG   │ mocap_studio.core.fbx_extract  │ Animation stack found: MoCapTest_001-001
2026-03-08 15:04:39.329 │ DEBUG   │ mocap_studio.core.fbx_extract  │ Time span: 0.000s → 165.039s
2026-03-08 15:04:39.329 │ ERROR   │ mocap_studio.gui.main_window   │ Failed to load track into slot 0: FbxTime(int = 0): argument 1 has unexpected type 'FbxTime'
Traceback (most recent call last):
  File "C:\Users\bxdpo\Desktop\VOC_MoCap_System\mocap_studio\gui\main_window.py", line 238, in _on_load_track
    track = _load_file(path)
  File "C:\Users\bxdpo\Desktop\VOC_MoCap_System\mocap_studio\gui\main_window.py", line 57, in _load_file
    return load_fbx(filepath)
  File "C:\Users\bxdpo\Desktop\VOC_MoCap_System\mocap_studio\core\fbx_extract.py", line 132, in load_fbx
    current = fbx.FbxTime(start_time)
TypeError: FbxTime(int = 0): argument 1 has unexpected type 'FbxTime'
2026-03-08 15:06:04.177 │ INFO    │ mocap_studio.gui.main_window   │ Playback started (speed=1.0x)
2026-03-08 15:06:06.251 │ INFO    │ mocap_studio.gui.main_window   │ Playback paused at frame 0
