2026-03-08 15:44:08.259 │ INFO    │ mocap_studio                   │ ============================================================
2026-03-08 15:44:08.259 │ INFO    │ mocap_studio                   │ MoCap Align & Compare v0.1.0 starting
2026-03-08 15:44:08.259 │ INFO    │ mocap_studio                   │ Log file: C:\Users\bxdpo\Desktop\VOC_MoCap_System\mocap_studio\logs\mocap_studio_20260308_154408.log
2026-03-08 15:44:08.259 │ INFO    │ mocap_studio                   │ Python: 3.10.19 | packaged by Anaconda, Inc. | (main, Oct 21 2025, 16:41:31) [MSC v.1929 64 bit (AMD64)]
2026-03-08 15:44:08.267 │ INFO    │ mocap_studio                   │ Platform: win32
2026-03-08 15:44:08.267 │ INFO    │ mocap_studio                   │ ============================================================
2026-03-08 15:44:08.293 │ INFO    │ mocap_studio.main              │ Single-instance lock acquired.
2026-03-08 15:44:08.293 │ INFO    │ mocap_studio                   │ Creating main window...
2026-03-08 15:44:08.700 │ INFO    │ mocap_studio                   │ Main window shown — entering event loop.
2026-03-08 15:44:42.920 │ INFO    │ mocap_studio.gui.main_window   │ User requested load for slot 0
2026-03-08 15:44:46.617 │ INFO    │ mocap_studio.gui.main_window   │ Loading file: C:/Users/bxdpo/Downloads/Xsens_MoCapTest_001-001.fbx (ext=.fbx)
2026-03-08 15:44:46.618 │ INFO    │ mocap_studio.core.fbx_extract  │ Loading FBX: C:/Users/bxdpo/Downloads/Xsens_MoCapTest_001-001.fbx
2026-03-08 15:44:46.622 │ DEBUG   │ mocap_studio.core.fbx_extract  │ FBX SDK imported successfully.
2026-03-08 15:44:46.668 │ DEBUG   │ mocap_studio.core.fbx_extract  │ FBX scene imported successfully.
2026-03-08 15:44:46.669 │ DEBUG   │ mocap_studio.core.fbx_extract  │ Axis system converted to MayaYUp.
2026-03-08 15:44:46.669 │ INFO    │ mocap_studio.core.fbx_extract  │ Discovered 24 joints: ['Reference', 'Hips', 'RightUpLeg', 'RightLeg', 'RightFoot', 'RightToeBase', 'LeftUpLeg', 'LeftLeg', 'LeftFoot', 'LeftToeBase']...
2026-03-08 15:44:46.670 │ DEBUG   │ mocap_studio.core.fbx_extract  │ Animation stack found: MoCapTest_001-001
2026-03-08 15:44:46.670 │ DEBUG   │ mocap_studio.core.fbx_extract  │ Time span: 0.000s → 165.039s
2026-03-08 15:44:46.671 │ INFO    │ mocap_studio.core.fbx_extract  │ Frame count: 9903 @ 60.0 fps (165.05s)
2026-03-08 15:44:46.671 │ INFO    │ mocap_studio.core.fbx_extract  │ Extracting transforms for 9903 frames × 24 joints...
2026-03-08 15:44:46.750 │ DEBUG   │ mocap_studio.core.fbx_extract  │   Frame 500/9903 (5%) — 0.1s elapsed
2026-03-08 15:44:46.828 │ DEBUG   │ mocap_studio.core.fbx_extract  │   Frame 1000/9903 (10%) — 0.2s elapsed
2026-03-08 15:44:46.909 │ DEBUG   │ mocap_studio.core.fbx_extract  │   Frame 1500/9903 (15%) — 0.2s elapsed
2026-03-08 15:44:46.987 │ DEBUG   │ mocap_studio.core.fbx_extract  │   Frame 2000/9903 (20%) — 0.3s elapsed
2026-03-08 15:44:47.066 │ DEBUG   │ mocap_studio.core.fbx_extract  │   Frame 2500/9903 (25%) — 0.4s elapsed
2026-03-08 15:44:47.151 │ DEBUG   │ mocap_studio.core.fbx_extract  │   Frame 3000/9903 (30%) — 0.5s elapsed
2026-03-08 15:44:47.229 │ DEBUG   │ mocap_studio.core.fbx_extract  │   Frame 3500/9903 (35%) — 0.6s elapsed
2026-03-08 15:44:47.308 │ DEBUG   │ mocap_studio.core.fbx_extract  │   Frame 4000/9903 (40%) — 0.6s elapsed
2026-03-08 15:44:47.384 │ DEBUG   │ mocap_studio.core.fbx_extract  │   Frame 4500/9903 (45%) — 0.7s elapsed
2026-03-08 15:44:47.466 │ DEBUG   │ mocap_studio.core.fbx_extract  │   Frame 5000/9903 (50%) — 0.8s elapsed
2026-03-08 15:44:47.542 │ DEBUG   │ mocap_studio.core.fbx_extract  │   Frame 5500/9903 (56%) — 0.9s elapsed
2026-03-08 15:44:47.619 │ DEBUG   │ mocap_studio.core.fbx_extract  │   Frame 6000/9903 (61%) — 0.9s elapsed
2026-03-08 15:44:47.693 │ DEBUG   │ mocap_studio.core.fbx_extract  │   Frame 6500/9903 (66%) — 1.0s elapsed
2026-03-08 15:44:47.771 │ DEBUG   │ mocap_studio.core.fbx_extract  │   Frame 7000/9903 (71%) — 1.1s elapsed
2026-03-08 15:44:47.847 │ DEBUG   │ mocap_studio.core.fbx_extract  │   Frame 7500/9903 (76%) — 1.2s elapsed
2026-03-08 15:44:47.928 │ DEBUG   │ mocap_studio.core.fbx_extract  │   Frame 8000/9903 (81%) — 1.3s elapsed
2026-03-08 15:44:48.006 │ DEBUG   │ mocap_studio.core.fbx_extract  │   Frame 8500/9903 (86%) — 1.3s elapsed
2026-03-08 15:44:48.084 │ DEBUG   │ mocap_studio.core.fbx_extract  │   Frame 9000/9903 (91%) — 1.4s elapsed
2026-03-08 15:44:48.165 │ DEBUG   │ mocap_studio.core.fbx_extract  │   Frame 9500/9903 (96%) — 1.5s elapsed
2026-03-08 15:44:48.228 │ DEBUG   │ mocap_studio.core.fbx_extract  │   Frame 9903/9903 (100%) — 1.6s elapsed
2026-03-08 15:44:48.230 │ INFO    │ mocap_studio.core.fbx_extract  │ Transform extraction complete in 1.56s
2026-03-08 15:44:48.236 │ DEBUG   │ mocap_studio.core.fbx_extract  │ Position range: min=[-138.42033411   -1.16599959 -252.78158392], max=[181.24608664 189.56303914 228.71388194]
2026-03-08 15:44:48.237 │ INFO    │ mocap_studio.core.fbx_extract  │ FBX load complete: "Xsens_MoCapTest_001-001" — 9903 frames, 24 joints, align_joint="Hips", total time 1.62s
2026-03-08 15:44:48.241 │ INFO    │ mocap_studio.core.session      │ Track loaded into slot 0: "Xsens_MoCapTest_001-001" (9903 frames, 24 joints)
2026-03-08 15:44:50.717 │ INFO    │ mocap_studio.gui.main_window   │ Playback started (speed=1.0x)
2026-03-08 15:45:09.241 │ INFO    │ mocap_studio.gui.main_window   │ Playback stopped, reset to frame 0
2026-03-08 15:45:54.688 │ INFO    │ mocap_studio.gui.main_window   │ User requested load for slot 1
2026-03-08 15:45:59.276 │ INFO    │ mocap_studio.gui.main_window   │ Loading file: C:/Users/bxdpo/Downloads/CatsEye_Captury_Test.fbx (ext=.fbx)
2026-03-08 15:45:59.276 │ INFO    │ mocap_studio.core.fbx_extract  │ Loading FBX: C:/Users/bxdpo/Downloads/CatsEye_Captury_Test.fbx
2026-03-08 15:45:59.276 │ DEBUG   │ mocap_studio.core.fbx_extract  │ FBX SDK imported successfully.
2026-03-08 15:45:59.406 │ DEBUG   │ mocap_studio.core.fbx_extract  │ FBX scene imported successfully.
2026-03-08 15:45:59.410 │ DEBUG   │ mocap_studio.core.fbx_extract  │ Axis system converted to MayaYUp.
2026-03-08 15:45:59.411 │ INFO    │ mocap_studio.core.fbx_extract  │ Discovered 89 joints: ['root', 'pelvis', 'spine_01', 'spine_02', 'spine_03', 'spine_04', 'spine_05', 'neck_01', 'neck_02', 'head']...
2026-03-08 15:45:59.411 │ DEBUG   │ mocap_studio.core.fbx_extract  │ Animation stack found: Unreal Take
2026-03-08 15:45:59.412 │ DEBUG   │ mocap_studio.core.fbx_extract  │ Time span: 0.000s → 62.267s
2026-03-08 15:45:59.412 │ INFO    │ mocap_studio.core.fbx_extract  │ Frame count: 3737 @ 60.0 fps (62.28s)
2026-03-08 15:45:59.412 │ INFO    │ mocap_studio.core.fbx_extract  │ Extracting transforms for 3737 frames × 89 joints...
2026-03-08 15:45:59.751 │ DEBUG   │ mocap_studio.core.fbx_extract  │   Frame 500/3737 (13%) — 0.3s elapsed
2026-03-08 15:46:00.092 │ DEBUG   │ mocap_studio.core.fbx_extract  │   Frame 1000/3737 (27%) — 0.7s elapsed
2026-03-08 15:46:00.431 │ DEBUG   │ mocap_studio.core.fbx_extract  │   Frame 1500/3737 (40%) — 1.0s elapsed
2026-03-08 15:46:00.777 │ DEBUG   │ mocap_studio.core.fbx_extract  │   Frame 2000/3737 (54%) — 1.4s elapsed
2026-03-08 15:46:01.126 │ DEBUG   │ mocap_studio.core.fbx_extract  │   Frame 2500/3737 (67%) — 1.7s elapsed
2026-03-08 15:46:01.468 │ DEBUG   │ mocap_studio.core.fbx_extract  │   Frame 3000/3737 (80%) — 2.1s elapsed
2026-03-08 15:46:01.811 │ DEBUG   │ mocap_studio.core.fbx_extract  │   Frame 3500/3737 (94%) — 2.4s elapsed
2026-03-08 15:46:01.976 │ DEBUG   │ mocap_studio.core.fbx_extract  │   Frame 3737/3737 (100%) — 2.6s elapsed
2026-03-08 15:46:01.976 │ INFO    │ mocap_studio.core.fbx_extract  │ Transform extraction complete in 2.56s
2026-03-08 15:46:01.986 │ DEBUG   │ mocap_studio.core.fbx_extract  │ Position range: min=[-156.19447701   -8.75309859 -253.71797531], max=[133.16410752 213.38815567 310.08474785]
2026-03-08 15:46:01.986 │ INFO    │ mocap_studio.core.fbx_extract  │ FBX load complete: "CatsEye_Captury_Test" — 3737 frames, 89 joints, align_joint="pelvis", total time 2.71s
2026-03-08 15:46:02.002 │ INFO    │ mocap_studio.core.session      │ Track loaded into slot 1: "CatsEye_Captury_Test" (3737 frames, 89 joints)
2026-03-08 15:46:19.635 │ DEBUG   │ mocap_studio.gui.main_window   │ Track 1 settings: offset=5, trim=0-3736, align=pelvis, visible=True
2026-03-08 15:46:21.608 │ DEBUG   │ mocap_studio.gui.main_window   │ Track 1 settings: offset=5, trim=0-3736, align=pelvis, visible=True
2026-03-08 15:51:38.587 │ DEBUG   │ mocap_studio.gui.main_window   │ Track 0 settings: offset=0, trim=0-9902, align=Reference, visible=True
2026-03-08 15:52:39.071 │ INFO    │ mocap_studio                   │ Application exiting with code 0.
